Starting hub application...
[2025-03-31T14:03:25.285Z] [INFO] Initializing server on port 4001...
[2025-03-31T14:03:25.290Z] [INFO] Server started successfully on port 4001
[2025-03-31T14:03:25.290Z] [INFO] Hub application initialized and running
[2025-03-31T14:03:29.885Z] [INFO] Received request: http://localhost:4001/
[2025-03-31T14:03:29.885Z] [INFO] New WebSocket connection opened
[2025-03-31T14:03:29.885Z] [INFO] Upgraded connection to WebSocket
[2025-03-31T14:03:29.895Z] [INFO] Received message: {"type":"signup","data":{"callbackId":"0195ec83-b6de-7000-aa80-5b12fb4e30cb","ip":"127.0.0.1","publi...
[2025-03-31T14:03:29.895Z] [INFO] Message type: signup
[2025-03-31T14:03:29.895Z] [INFO] Processing signup request from IP: 127.0.0.1, PublicKey: 7BhwKHXdy1...
[2025-03-31T14:03:29.895Z] [INFO] Verifying message: "Sign message for 0195ec83-b6de-7000-aa80-5b12fb4e30cb,7BhwKHXdy1b8N3e74p5qrNw96C4uzWAyzRwm4xoRGGjV" for publicKey: 7BhwKHXdy1...
[2025-03-31T14:03:29.895Z] [INFO] Message bytes length: 98
[2025-03-31T14:03:29.895Z] [INFO] Signed message array length: 64
[2025-03-31T14:03:29.895Z] [INFO] Public key bytes length: 32
[2025-03-31T14:03:29.905Z] [INFO] Verification result: false
[2025-03-31T14:03:29.905Z] [INFO] Signature verification result: false
[2025-03-31T14:03:29.905Z] [ERROR] Signature verification failed for signup
[2025-03-31T14:03:30.292Z] [INFO] Performing database connection check...
[2025-03-31T14:03:30.349Z] [INFO] Database check results: 0 validators, 1 websites
[2025-03-31T14:04:25.291Z] [INFO] Starting website monitoring cycle
[2025-03-31T14:04:25.301Z] [INFO] Found 1 websites to monitor
[2025-03-31T14:04:25.301Z] [WARN] No validators available for monitoring
[2025-03-31T14:04:33.911Z] [INFO] Received SIGINT signal, shutting down...
[2025-03-31T14:04:33.911Z] [INFO] Closing all validator connections...
[2025-03-31T14:04:33.911Z] [INFO] Disconnecting from database...
[2025-03-31T14:04:33.918Z] [INFO] Database disconnected successfully
[2025-03-31T14:04:33.919Z] [INFO] Hub application shutdown complete
